[debug] [2022-11-11T07:32:08.194Z] ----------------------------------------------------------------------
[debug] [2022-11-11T07:32:08.196Z] Command:       C:\Program Files\nodejs\node.exe C:\Users\liber\AppData\Roaming\npm\node_modules\firebase-tools\lib\bin\firebase.js init
[debug] [2022-11-11T07:32:08.197Z] CLI Version:   11.16.0
[debug] [2022-11-11T07:32:08.197Z] Platform:      win32
[debug] [2022-11-11T07:32:08.197Z] Node Version:  v16.18.0
[debug] [2022-11-11T07:32:08.198Z] Time:          Fri Nov 11 2022 12:32:08 GMT+0500 (Uzbekistan Standard Time)
[debug] [2022-11-11T07:32:08.198Z] ----------------------------------------------------------------------
[debug] 
[debug] [2022-11-11T07:32:08.200Z] >>> [apiv2][query] GET https://firebase-public.firebaseio.com/cli.json [none]
[debug] [2022-11-11T07:32:08.219Z] > command requires scopes: ["email","openid","https://www.googleapis.com/auth/cloudplatformprojects.readonly","https://www.googleapis.com/auth/firebase","https://www.googleapis.com/auth/cloud-platform"]
[debug] [2022-11-11T07:32:08.219Z] > authorizing via signed-in user (libertywalk5555@gmail.com)
[info] 
     ######## #### ########  ######## ########     ###     ######  ########
     ##        ##  ##     ## ##       ##     ##  ##   ##  ##       ##
     ######    ##  ########  ######   ########  #########  ######  ######
     ##        ##  ##    ##  ##       ##     ## ##     ##       ## ##
     ##       #### ##     ## ######## ########  ##     ##  ######  ########

You're about to initialize a Firebase project in this directory:

  C:\Users\liber\OneDrive\Рабочий стол\socket-chatroom-react-node-simple-chatroom\socket-chatroom-react-node-simple-chatroom\server

[debug] [2022-11-11T07:32:08.726Z] <<< [apiv2][status] GET https://firebase-public.firebaseio.com/cli.json 200
[debug] [2022-11-11T07:32:08.726Z] <<< [apiv2][body] GET https://firebase-public.firebaseio.com/cli.json {"cloudBuildErrorAfter":1594252800000,"cloudBuildWarnAfter":1590019200000,"defaultNode10After":1594252800000,"minVersion":"3.0.5","node8DeploysDisabledAfter":1613390400000,"node8RuntimeDisabledAfter":1615809600000,"node8WarnAfter":1600128000000}
[info] 
=== Project Setup
[info] 
[info] First, let's associate this project directory with a Firebase project.
[info] You can create multiple project aliases by running firebase use --add, 
[info] but for now we'll just set up a default project.
[info] 
[debug] [2022-11-11T07:32:17.533Z] > refreshing access token with scopes: []
[debug] [2022-11-11T07:32:17.534Z] >>> [apiv2][query] POST https://www.googleapis.com/oauth2/v3/token [none]
[debug] [2022-11-11T07:32:17.535Z] >>> [apiv2][body] POST https://www.googleapis.com/oauth2/v3/token [omitted]
[debug] [2022-11-11T07:32:17.815Z] <<< [apiv2][status] POST https://www.googleapis.com/oauth2/v3/token 200
[debug] [2022-11-11T07:32:17.816Z] <<< [apiv2][body] POST https://www.googleapis.com/oauth2/v3/token [omitted]
[debug] [2022-11-11T07:32:17.827Z] >>> [apiv2][query] GET https://firebase.googleapis.com/v1beta1/projects pageSize=100
[debug] [2022-11-11T07:32:18.556Z] <<< [apiv2][status] GET https://firebase.googleapis.com/v1beta1/projects 200
[debug] [2022-11-11T07:32:18.557Z] <<< [apiv2][body] GET https://firebase.googleapis.com/v1beta1/projects [omitted]
[info] i  Using project chat-3d942 (Chat) 
[info] 
=== Hosting Setup
[info] 
[info] Your public directory is the folder (relative to your project directory) that
[info] will contain Hosting assets to be uploaded with firebase deploy. If you
[info] have a build process for your assets, use your build's output directory.
[info] 
